_#t: html
_@lang: en
_#c:
- _#r: '

    '
- _#t: head
  _#c:
  - _#r: "\n        "
  - _#t: meta
    _@charset: utf-8
    _#c: []
  - _#r: "\n        "
  - _#t: title
    _#c:
    - _#r: 应用_用回归图对符号动力学进行半系统的分类_论可测变换或动力系统与度量函数的耦合暨微扰论的拓展
  - _#r: "\n        "
  - _#t: link
    _@rel: stylesheet
    _@href: /theme/css/main.css
    _#c: []
  - _#r: "\n        "
  - _#t: link
    _@href: /feeds/all.atom.xml
    _@type: application/atom+xml
    _@rel: alternate
    _@title: A Pelican Blog Atom Feed
    _#c: []
  - _#r: '

      '
- _#r: '


    '
- _#t: body
  _@id: index
  _@class: home
  _#c:
  - _#r: "\n        "
  - _#t: header
    _@id: banner
    _@class: body
    _#c:
    - _#r: "\n                "
    - _#t: h1
      _#c:
      - _#t: a
        _@href: /
        _#c:
        - _#r: 'A Pelican Blog '
    - _#r: "\n                "
    - _#t: nav
      _#c:
      - _#t: ul
        _#c:
        - _#r: "\n                    "
        - _#t: li
          _#c:
          - _#t: a
            _@href: /category/list.html
            _#c:
            - _#r: list
        - _#r: "\n                    "
        - _#t: li
          _@class: active
          _#c:
          - _#t: a
            _@href: /category/maths.html
            _#c:
            - _#r: maths
        - _#r: "\n                    "
        - _#t: li
          _#c:
          - _#t: a
            _@href: /category/pages.html
            _#c:
            - _#r: pages
        - _#r: "\n                    "
        - _#t: li
          _#c:
          - _#t: a
            _@href: /category/program.html
            _#c:
            - _#r: program
        - _#r: "\n                    "
        - _#t: li
          _#c:
          - _#t: a
            _@href: /category/story.html
            _#c:
            - _#r: story
        - _#r: "\n                    "
        - _#t: li
          _#c:
          - _#t: a
            _@href: /category/thoughts.html
            _#c:
            - _#r: thoughts
        - _#r: "\n                "
    - _#r: "\n        "
  - _#r: '

      '
  - _#t: section
    _@id: content
    _@class: body
    _#c:
    - _#r: "\n  "
    - _#t: article
      _#c:
      - _#r: "\n    "
      - _#t: header
        _#c:
        - _#r: "\n      "
        - _#t: h1
          _@class: entry-title
          _#c:
          - _#r: "\n        "
          - _#t: a
            _@href: /ying-yong-_yong-hui-gui-tu-dui-fu-hao-dong-li-xue-jin-xing-ban-xi-tong-de-fen-lei-_lun-ke-ce-bian-huan-huo-dong-li-xi-tong-yu-du-liang-han-shu-de-ou-he-ji-wei-rao-lun-de-tuo-zhan.html
            _@rel: bookmark
            _@title: Permalink to 应用_用回归图对符号动力学进行半系统的分类_论可测变换或动力系统与度量函数的耦合暨微扰论的拓展
            _#c:
            - _#r: 应用_用回归图对符号动力学进行半系统的分类_论可测变换或动力系统与度量函数的耦合暨微扰论的拓展
        - _#r: "\n    "
      - _#r: "\n\n    "
      - _#t: div
        _@class: entry-content
        _#c:
        - _#r: '

            '
        - _#t: footer
          _@class: post-info
          _#c:
          - _#r: "\n        "
          - _#t: abbr
            _@class: published
            _@title: '2017-02-15T11:35:00+00:00'
            _#c:
            - _#r: "\n                Published: 三 15 二月 2017\n        "
          - _#r: '


              '
          - _#t: p
            _#c:
            - _#r: 'In '
            - _#t: a
              _@href: /category/maths.html
              _#c:
              - _#r: maths
            - _#r: .
          - _#r: '

              '
          - _#t: p
            _#c:
            - _#r: 'tags: '
            - _#t: a
              _@href: /tag/chinese.html
              _#c:
              - _#r: chinese
            - _#r: ' '
            - _#t: a
              _@href: /tag/maths.html
              _#c:
              - _#r: maths
            - _#r: ' '
          - _#r: '

              '
        - _#r: '      '
        - _#t: p
          _#c:
          - _#r: 以相关性(correlation)为度量的回归图忠实地反映了基础元胞自动机(ECA)的动力学性质，可以很好地区分稳态和混沌态。
        - _#r: '

            '
        - _#t: p
          _#c:
          - _#r: 我对Logistic Mapping做了简单的耦合推广，并应用回归图找到了处在混沌边界的参数，有趣的是这种推广系统也处在混沌边界。
        - _#r: '

            '
        - _#t: p
          _#c:
          - _#t: img
            _@class: alignnone size-full wp-image-253
            _@src: /wp-content/uploads/2017/02/demo_log_torus.jpg
            _@alt: demo_log_torus
            _@width: '2409'
            _@height: '436'
            _#c: []
        - _#r: '

            '
        - _#t: p
          _#c:
          - _#t: img
            _@class: alignnone size-full wp-image-304
            _@src: /wp-content/uploads/2017/02/logistic__3-811_corrprofile.jpg
            _@alt: logistic__3-811_corrprofile
            _@width: '1000'
            _@height: '563'
            _#c: []
        - _#r: '

            '
        - _#t: p
          _#c:
          - _#r: 讨论：二维元胞自动机是一个幻象，它并不比一维元胞高明到哪里去，对于Glider和Pattern的分类看起来没有发展壮大的希望。CA和物理学的联系目前还是太弱了，需要一些契机把CA爱好者引导到更有建设性的道路上。Wolfram对Rule110的阐释是很有insight的，但是他本人最后也认识到CA有一些内在的缺陷使其不能模拟神经网络。我希望Derrida
              Plot的复兴可以改变这一情况，这一工具允许人们更加系统地对自动机的动力学性质进行分类，而且和微扰论有很深的联系，希望有更多的人参与到这个研究里来。
        - _#r: '

            '
        - _#t: p
          _#c:
          - _#r: 这里用一个二维BS元胞自动机为例子(B013468/S23,生命游戏是B3/S23),大致介绍一下Covariance Profile的具体操作办法，用一个常值分布随机取两个初始状态，计算它们的距离H(0),接下来用CA规则将两个初态分别迭代T次，并记录它们的轨迹。这样我们可以得到H(1),H(2),H(3)....H(T).
              然后把上述操作重复N次。想象[H(1),H(2)]在平面内确定一个点，由于有N个样本，我们可以确定N个点，这时候我们可以计算H(1),H(2)的统计学关系(一开始我用的是相关性(Pearson
              Correlation),后面发现不够灵敏，于是换成了协方差(Covariance)
        - _#r: '

            '
        - _#t: p
          _#c:
          - _#t: img
            _@class: alignnone size-full wp-image-306
            _@src: /wp-content/uploads/2017/02/expanded6491tca.jpg
            _@alt: expanded6491tca
            _@width: '735'
            _@height: '661'
            _#c: []
        - _#r: '

            '
        - _#t: p
          _#c:
          - _#r: 对于任选的H(t_a),H(t_b),我们都可以确定一个分布并且抽象成一个单值。将这些单值集合起来之后，我们就的到了刚刚看到的热相图。
        - _#r: '

            '
        - _#t: p
          _#c:
          - _#t: img
            _@class: alignnone size-full wp-image-308
            _@src: /wp-content/uploads/2017/02/collected6491tca.jpg
            _@alt: collected6491tca
            _@width: '497'
            _@height: '416'
            _#c: []
        - _#r: '

            '
        - _#t: p
          _#c:
          - _#r: (这里的单值用的都是协方差。)
        - _#r: '

            '
        - _#t: p
          _#c:
          - _#r: 我的观察是，热相图的凹凸性可以很好地刻画原系统的动力学性质。可以看到这个热相图的对角线有一个凹扩散，这一般对应复杂的动力学（complex,相对于混沌
              chaotic，稳定 stable而言）
        - _#r: '

            '
        - _#t: p
          _#c:
          - _#r: 待续
        - _#r: '

            '
        - _#t: p
          _#c:
          - _#r: 'Comments: '
        - _#r: '

            '
        - _#t: ol
          _#c:
          - _#r: '

              '
          - _#t: li
            _#c:
            - _#r: '

                '
            - _#t: p
              _#c:
              - _#r: 'Yanbo Zhang zhangyb1"AT"mail.ustc.edu.cn: Logistic Mapping 的想法非常有意思，似乎只用一个参数k就出现了Wolfram的四个基本类型。我在想，是否可以对离散元胞自动机做逆向的工作，从时空图直接反推到k，从而得到一个意义非常明确的序参量。'
            - _#r: '

                '
          - _#r: '

              '
          - _#t: li
            _#c:
            - _#r: '

                '
            - _#t: p
              _#c:
              - _#r: 'shouldsee: 我现在的想法是完全用密度涨落来描述动力学性质，而不是用DerridaPlot。 把密度涨落抽象成几个Scalar的序参量应该是可行的，但是我还没有仔细考虑什么样的抽取办法是推广性最好的，因为目前这个抽取办法挺初等的，还缺少很多形式上的工作，只是从实用的角度发现还挺有用。'
            - _#r: '

                '
          - _#r: '

              '
        - _#r: "\n    "
      - _#r: "\n\n  "
    - _#r: '

        '
  - _#r: "\n        "
  - _#t: section
    _@id: extras
    _@class: body
    _#c:
    - _#r: "\n                "
    - _#t: div
      _@class: social
      _#c:
      - _#r: "\n                        "
      - _#t: h2
        _#c:
        - _#r: social
      - _#r: "\n                        "
      - _#t: ul
        _#c:
        - _#r: "\n                            "
        - _#t: li
          _#c:
          - _#t: a
            _@href: /feeds/all.atom.xml
            _@type: application/atom+xml
            _@rel: alternate
            _#c:
            - _#r: atom feed
        - _#r: "\n\n                        "
      - _#r: "\n                "
    - _#r: "\n        "
  - _#r: "\n\n        "
  - _#t: footer
    _@id: contentinfo
    _@class: body
    _#c:
    - _#r: "\n                "
    - _#t: address
      _@id: about
      _@class: vcard body
      _#c:
      - _#r: "\n                Proudly powered by "
      - _#t: a
        _@href: http://getpelican.com/
        _#c:
        - _#r: Pelican
      - _#r: ', which takes great advantage of '
      - _#t: a
        _@href: http://python.org
        _#c:
        - _#r: Python
      - _#r: ".\n                "
    - _#r: "\n\n                "
    - _#t: p
      _#c:
      - _#r: 'The theme is by '
      - _#t: a
        _@href: http://coding.smashingmagazine.com/2009/08/04/designing-a-html-5-layout-from-scratch/
        _#c:
        - _#r: Smashing Magazine
      - _#r: ', thanks!'
    - _#r: "\n        "
  - _#r: '


      '
- _#r: '

    '
